[25-Oct-2022 20:01:12 UTC] PHP Warning:  A non-numeric value encountered in /Users/gracegamble/Local Sites/fictional-university/app/public/wp-content/themes/fictional-university-theme/index.php on line 3
[25-Oct-2022 20:01:12 UTC] PHP Stack trace:
[25-Oct-2022 20:01:12 UTC] PHP   1. {main}() /Users/gracegamble/Local Sites/fictional-university/app/public/index.php:0
[25-Oct-2022 20:01:12 UTC] PHP   2. require() /Users/gracegamble/Local Sites/fictional-university/app/public/index.php:17
[25-Oct-2022 20:01:12 UTC] PHP   3. require_once() /Users/gracegamble/Local Sites/fictional-university/app/public/wp-blog-header.php:19
[25-Oct-2022 20:01:12 UTC] PHP   4. include() /Users/gracegamble/Local Sites/fictional-university/app/public/wp-includes/template-loader.php:106
[25-Oct-2022 20:01:12 UTC] PHP   5. greet() /Users/gracegamble/Local Sites/fictional-university/app/public/wp-content/themes/fictional-university-theme/index.php:5
[25-Oct-2022 20:01:12 UTC] PHP Warning:  A non-numeric value encountered in /Users/gracegamble/Local Sites/fictional-university/app/public/wp-content/themes/fictional-university-theme/index.php on line 3
[25-Oct-2022 20:01:12 UTC] PHP Stack trace:
[25-Oct-2022 20:01:12 UTC] PHP   1. {main}() /Users/gracegamble/Local Sites/fictional-university/app/public/index.php:0
[25-Oct-2022 20:01:12 UTC] PHP   2. require() /Users/gracegamble/Local Sites/fictional-university/app/public/index.php:17
[25-Oct-2022 20:01:12 UTC] PHP   3. require_once() /Users/gracegamble/Local Sites/fictional-university/app/public/wp-blog-header.php:19
[25-Oct-2022 20:01:12 UTC] PHP   4. include() /Users/gracegamble/Local Sites/fictional-university/app/public/wp-includes/template-loader.php:106
[25-Oct-2022 20:01:12 UTC] PHP   5. greet() /Users/gracegamble/Local Sites/fictional-university/app/public/wp-content/themes/fictional-university-theme/index.php:5
[25-Oct-2022 20:01:12 UTC] PHP Warning:  A non-numeric value encountered in /Users/gracegamble/Local Sites/fictional-university/app/public/wp-content/themes/fictional-university-theme/index.php on line 3
[25-Oct-2022 20:01:12 UTC] PHP Stack trace:
[25-Oct-2022 20:01:12 UTC] PHP   1. {main}() /Users/gracegamble/Local Sites/fictional-university/app/public/index.php:0
[25-Oct-2022 20:01:12 UTC] PHP   2. require() /Users/gracegamble/Local Sites/fictional-university/app/public/index.php:17
[25-Oct-2022 20:01:12 UTC] PHP   3. require_once() /Users/gracegamble/Local Sites/fictional-university/app/public/wp-blog-header.php:19
[25-Oct-2022 20:01:12 UTC] PHP   4. include() /Users/gracegamble/Local Sites/fictional-university/app/public/wp-includes/template-loader.php:106
[25-Oct-2022 20:01:12 UTC] PHP   5. greet() /Users/gracegamble/Local Sites/fictional-university/app/public/wp-content/themes/fictional-university-theme/index.php:5
[25-Oct-2022 20:01:12 UTC] PHP Warning:  A non-numeric value encountered in /Users/gracegamble/Local Sites/fictional-university/app/public/wp-content/themes/fictional-university-theme/index.php on line 3
[25-Oct-2022 20:01:12 UTC] PHP Stack trace:
[25-Oct-2022 20:01:12 UTC] PHP   1. {main}() /Users/gracegamble/Local Sites/fictional-university/app/public/index.php:0
[25-Oct-2022 20:01:12 UTC] PHP   2. require() /Users/gracegamble/Local Sites/fictional-university/app/public/index.php:17
[25-Oct-2022 20:01:12 UTC] PHP   3. require_once() /Users/gracegamble/Local Sites/fictional-university/app/public/wp-blog-header.php:19
[25-Oct-2022 20:01:12 UTC] PHP   4. include() /Users/gracegamble/Local Sites/fictional-university/app/public/wp-includes/template-loader.php:106
[25-Oct-2022 20:01:12 UTC] PHP   5. greet() /Users/gracegamble/Local Sites/fictional-university/app/public/wp-content/themes/fictional-university-theme/index.php:6
[25-Oct-2022 20:01:12 UTC] PHP Warning:  A non-numeric value encountered in /Users/gracegamble/Local Sites/fictional-university/app/public/wp-content/themes/fictional-university-theme/index.php on line 3
[25-Oct-2022 20:01:12 UTC] PHP Stack trace:
[25-Oct-2022 20:01:12 UTC] PHP   1. {main}() /Users/gracegamble/Local Sites/fictional-university/app/public/index.php:0
[25-Oct-2022 20:01:12 UTC] PHP   2. require() /Users/gracegamble/Local Sites/fictional-university/app/public/index.php:17
[25-Oct-2022 20:01:12 UTC] PHP   3. require_once() /Users/gracegamble/Local Sites/fictional-university/app/public/wp-blog-header.php:19
[25-Oct-2022 20:01:12 UTC] PHP   4. include() /Users/gracegamble/Local Sites/fictional-university/app/public/wp-includes/template-loader.php:106
[25-Oct-2022 20:01:12 UTC] PHP   5. greet() /Users/gracegamble/Local Sites/fictional-university/app/public/wp-content/themes/fictional-university-theme/index.php:6
[25-Oct-2022 20:01:12 UTC] PHP Warning:  A non-numeric value encountered in /Users/gracegamble/Local Sites/fictional-university/app/public/wp-content/themes/fictional-university-theme/index.php on line 3
[25-Oct-2022 20:01:12 UTC] PHP Stack trace:
[25-Oct-2022 20:01:12 UTC] PHP   1. {main}() /Users/gracegamble/Local Sites/fictional-university/app/public/index.php:0
[25-Oct-2022 20:01:12 UTC] PHP   2. require() /Users/gracegamble/Local Sites/fictional-university/app/public/index.php:17
[25-Oct-2022 20:01:12 UTC] PHP   3. require_once() /Users/gracegamble/Local Sites/fictional-university/app/public/wp-blog-header.php:19
[25-Oct-2022 20:01:12 UTC] PHP   4. include() /Users/gracegamble/Local Sites/fictional-university/app/public/wp-includes/template-loader.php:106
[25-Oct-2022 20:01:12 UTC] PHP   5. greet() /Users/gracegamble/Local Sites/fictional-university/app/public/wp-content/themes/fictional-university-theme/index.php:6
[25-Oct-2022 20:25:37 UTC] PHP Parse error:  syntax error, unexpected '}', expecting ',' or ';' in /Users/gracegamble/Local Sites/fictional-university/app/public/wp-content/themes/fictional-university-theme/index.php on line 7
[25-Oct-2022 20:28:49 UTC] PHP Parse error:  syntax error, unexpected ')' in /Users/gracegamble/Local Sites/fictional-university/app/public/wp-content/themes/fictional-university-theme/index.php on line 6
[25-Oct-2022 21:07:28 UTC] PHP Warning:  Use of undefined constant get_stylesheet_uri - assumed 'get_stylesheet_uri' (this will throw an Error in a future version of PHP) in /Users/gracegamble/Local Sites/fictional-university/app/public/wp-content/themes/fictional-university-theme/functions.php on line 4
[25-Oct-2022 21:07:28 UTC] PHP Stack trace:
[25-Oct-2022 21:07:28 UTC] PHP   1. {main}() /Users/gracegamble/Local Sites/fictional-university/app/public/index.php:0
[25-Oct-2022 21:07:28 UTC] PHP   2. require() /Users/gracegamble/Local Sites/fictional-university/app/public/index.php:17
[25-Oct-2022 21:07:28 UTC] PHP   3. require_once() /Users/gracegamble/Local Sites/fictional-university/app/public/wp-blog-header.php:19
[25-Oct-2022 21:07:28 UTC] PHP   4. include() /Users/gracegamble/Local Sites/fictional-university/app/public/wp-includes/template-loader.php:106
[25-Oct-2022 21:07:28 UTC] PHP   5. get_header() /Users/gracegamble/Local Sites/fictional-university/app/public/wp-content/themes/fictional-university-theme/single.php:3
[25-Oct-2022 21:07:28 UTC] PHP   6. locate_template() /Users/gracegamble/Local Sites/fictional-university/app/public/wp-includes/general-template.php:48
[25-Oct-2022 21:07:28 UTC] PHP   7. load_template() /Users/gracegamble/Local Sites/fictional-university/app/public/wp-includes/template.php:716
[25-Oct-2022 21:07:28 UTC] PHP   8. require_once() /Users/gracegamble/Local Sites/fictional-university/app/public/wp-includes/template.php:770
[25-Oct-2022 21:07:28 UTC] PHP   9. wp_head() /Users/gracegamble/Local Sites/fictional-university/app/public/wp-content/themes/fictional-university-theme/header.php:4
[25-Oct-2022 21:07:28 UTC] PHP  10. do_action() /Users/gracegamble/Local Sites/fictional-university/app/public/wp-includes/general-template.php:3042
[25-Oct-2022 21:07:28 UTC] PHP  11. WP_Hook->do_action() /Users/gracegamble/Local Sites/fictional-university/app/public/wp-includes/plugin.php:476
[25-Oct-2022 21:07:28 UTC] PHP  12. WP_Hook->apply_filters() /Users/gracegamble/Local Sites/fictional-university/app/public/wp-includes/class-wp-hook.php:331
[25-Oct-2022 21:07:28 UTC] PHP  13. wp_enqueue_scripts() /Users/gracegamble/Local Sites/fictional-university/app/public/wp-includes/class-wp-hook.php:307
[25-Oct-2022 21:07:28 UTC] PHP  14. do_action() /Users/gracegamble/Local Sites/fictional-university/app/public/wp-includes/script-loader.php:2156
[25-Oct-2022 21:07:28 UTC] PHP  15. WP_Hook->do_action() /Users/gracegamble/Local Sites/fictional-university/app/public/wp-includes/plugin.php:476
[25-Oct-2022 21:07:28 UTC] PHP  16. WP_Hook->apply_filters() /Users/gracegamble/Local Sites/fictional-university/app/public/wp-includes/class-wp-hook.php:331
[25-Oct-2022 21:07:28 UTC] PHP  17. university_files() /Users/gracegamble/Local Sites/fictional-university/app/public/wp-includes/class-wp-hook.php:307
[26-Oct-2022 16:36:12 UTC] PHP Parse error:  syntax error, unexpected '">' (T_CONSTANT_ENCAPSED_STRING), expecting ',' or ';' in /Users/gracegamble/Local Sites/fictional-university/app/public/wp-content/themes/fictional-university-theme/index.php on line 87
[26-Oct-2022 16:36:14 UTC] PHP Parse error:  syntax error, unexpected '">' (T_CONSTANT_ENCAPSED_STRING), expecting ',' or ';' in /Users/gracegamble/Local Sites/fictional-university/app/public/wp-content/themes/fictional-university-theme/index.php on line 87
[26-Oct-2022 18:12:21 UTC] PHP Fatal error:  Uncaught Error: Call to undefined function wp_get_post_parents_id() in /Users/gracegamble/Local Sites/fictional-university/app/public/wp-content/themes/fictional-university-theme/page.php:19
Stack trace:
#0 /Users/gracegamble/Local Sites/fictional-university/app/public/wp-includes/template-loader.php(106): include()
#1 /Users/gracegamble/Local Sites/fictional-university/app/public/wp-blog-header.php(19): require_once('/Users/gracegam...')
#2 /Users/gracegamble/Local Sites/fictional-university/app/public/index.php(17): require('/Users/gracegam...')
#3 {main}
  thrown in /Users/gracegamble/Local Sites/fictional-university/app/public/wp-content/themes/fictional-university-theme/page.php on line 19
[31-Oct-2022 19:30:58 UTC] PHP Parse error:  syntax error, unexpected ';', expecting ')' in /Users/gracegamble/Local Sites/fictional-university/app/public/wp-content/themes/fictional-university-theme/page.php on line 32
[31-Oct-2022 19:34:28 UTC] PHP Warning:  Use of undefined constant menu_order - assumed 'menu_order' (this will throw an Error in a future version of PHP) in /Users/gracegamble/Local Sites/fictional-university/app/public/wp-content/themes/fictional-university-theme/page.php on line 48
[31-Oct-2022 19:34:28 UTC] PHP Stack trace:
[31-Oct-2022 19:34:28 UTC] PHP   1. {main}() /Users/gracegamble/Local Sites/fictional-university/app/public/index.php:0
[31-Oct-2022 19:34:28 UTC] PHP   2. require() /Users/gracegamble/Local Sites/fictional-university/app/public/index.php:17
[31-Oct-2022 19:34:28 UTC] PHP   3. require_once() /Users/gracegamble/Local Sites/fictional-university/app/public/wp-blog-header.php:19
[31-Oct-2022 19:34:28 UTC] PHP   4. include() /Users/gracegamble/Local Sites/fictional-university/app/public/wp-includes/template-loader.php:106
[01-Nov-2022 18:11:43 UTC] PHP Parse error:  syntax error, unexpected '}', expecting end of file in /Users/gracegamble/Local Sites/fictional-university/app/public/wp-content/themes/fictional-university-theme/archive.php on line 14
[01-Nov-2022 18:34:31 UTC] PHP Recoverable fatal error:  Object of class WP_Query could not be converted to string in /Users/gracegamble/Local Sites/fictional-university/app/public/wp-content/themes/fictional-university-theme/front-page.php on line 49
[01-Nov-2022 18:34:31 UTC] PHP Stack trace:
[01-Nov-2022 18:34:31 UTC] PHP   1. {main}() /Users/gracegamble/Local Sites/fictional-university/app/public/index.php:0
[01-Nov-2022 18:34:31 UTC] PHP   2. require() /Users/gracegamble/Local Sites/fictional-university/app/public/index.php:17
[01-Nov-2022 18:34:31 UTC] PHP   3. require_once() /Users/gracegamble/Local Sites/fictional-university/app/public/wp-blog-header.php:19
[01-Nov-2022 18:34:31 UTC] PHP   4. include() /Users/gracegamble/Local Sites/fictional-university/app/public/wp-includes/template-loader.php:106
[01-Nov-2022 18:40:35 UTC] PHP Parse error:  syntax error, unexpected '=', expecting ')' in /Users/gracegamble/Local Sites/fictional-university/app/public/wp-content/themes/fictional-university-theme/front-page.php on line 49
[01-Nov-2022 18:40:35 UTC] PHP Parse error:  syntax error, unexpected '=', expecting ')' in /Users/gracegamble/Local Sites/fictional-university/app/public/wp-content/themes/fictional-university-theme/front-page.php on line 49
[01-Nov-2022 19:19:31 UTC] PHP Fatal error:  Uncaught Error: Call to a member function the_post() on null in /Users/gracegamble/Local Sites/fictional-university/app/public/wp-content/themes/fictional-university-theme/front-page.php:25
Stack trace:
#0 /Users/gracegamble/Local Sites/fictional-university/app/public/wp-includes/template-loader.php(106): include()
#1 /Users/gracegamble/Local Sites/fictional-university/app/public/wp-blog-header.php(19): require_once('/Users/gracegam...')
#2 /Users/gracegamble/Local Sites/fictional-university/app/public/index.php(17): require('/Users/gracegam...')
#3 {main}
  thrown in /Users/gracegamble/Local Sites/fictional-university/app/public/wp-content/themes/fictional-university-theme/front-page.php on line 25
[01-Nov-2022 19:19:33 UTC] PHP Fatal error:  Uncaught Error: Call to a member function the_post() on null in /Users/gracegamble/Local Sites/fictional-university/app/public/wp-content/themes/fictional-university-theme/front-page.php:25
Stack trace:
#0 /Users/gracegamble/Local Sites/fictional-university/app/public/wp-includes/template-loader.php(106): include()
#1 /Users/gracegamble/Local Sites/fictional-university/app/public/wp-blog-header.php(19): require_once('/Users/gracegam...')
#2 /Users/gracegamble/Local Sites/fictional-university/app/public/index.php(17): require('/Users/gracegam...')
#3 {main}
  thrown in /Users/gracegamble/Local Sites/fictional-university/app/public/wp-content/themes/fictional-university-theme/front-page.php on line 25
[04-Nov-2022 16:56:04 UTC] PHP Fatal error:  Uncaught Error: Call to a member function set() on null in /Users/gracegamble/Local Sites/fictional-university/app/public/wp-content/themes/fictional-university-theme/functions.php:23
Stack trace:
#0 /Users/gracegamble/Local Sites/fictional-university/app/public/wp-includes/class-wp-hook.php(308): university_adjust_queries(Object(WP_Query))
#1 /Users/gracegamble/Local Sites/fictional-university/app/public/wp-includes/class-wp-hook.php(332): WP_Hook->apply_filters('', Array)
#2 /Users/gracegamble/Local Sites/fictional-university/app/public/wp-includes/plugin.php(565): WP_Hook->do_action(Array)
#3 /Users/gracegamble/Local Sites/fictional-university/app/public/wp-includes/class-wp-query.php(1833): do_action_ref_array('pre_get_posts', Array)
#4 /Users/gracegamble/Local Sites/fictional-university/app/public/wp-includes/class-wp-query.php(3726): WP_Query->get_posts()
#5 /Users/gracegamble/Local Sites/fictional-university/app/public/wp-includes/class-wp-query.php(3858): WP_Query->query(Array)
#6 /Users/gracegamble/L in /Users/gracegamble/Local Sites/fictional-university/app/public/wp-content/themes/fictional-university-theme/functions.php on line 23
[04-Nov-2022 16:56:05 UTC] PHP Fatal error:  Uncaught Error: Call to a member function set() on null in /Users/gracegamble/Local Sites/fictional-university/app/public/wp-content/themes/fictional-university-theme/functions.php:23
Stack trace:
#0 /Users/gracegamble/Local Sites/fictional-university/app/public/wp-includes/class-wp-hook.php(308): university_adjust_queries(Object(WP_Query))
#1 /Users/gracegamble/Local Sites/fictional-university/app/public/wp-includes/class-wp-hook.php(332): WP_Hook->apply_filters('', Array)
#2 /Users/gracegamble/Local Sites/fictional-university/app/public/wp-includes/plugin.php(565): WP_Hook->do_action(Array)
#3 /Users/gracegamble/Local Sites/fictional-university/app/public/wp-includes/class-wp-query.php(1833): do_action_ref_array('pre_get_posts', Array)
#4 /Users/gracegamble/Local Sites/fictional-university/app/public/wp-includes/class-wp-query.php(3726): WP_Query->get_posts()
#5 /Users/gracegamble/Local Sites/fictional-university/app/public/wp-includes/class-wp-query.php(3858): WP_Query->query(Array)
#6 /Users/gracegamble/L in /Users/gracegamble/Local Sites/fictional-university/app/public/wp-content/themes/fictional-university-theme/functions.php on line 23
[04-Nov-2022 17:43:33 UTC] PHP Parse error:  syntax error, unexpected '}' in /Users/gracegamble/Local Sites/fictional-university/app/public/wp-content/themes/fictional-university-theme/functions.php on line 26
[04-Nov-2022 17:43:33 UTC] PHP Parse error:  syntax error, unexpected '}' in /Users/gracegamble/Local Sites/fictional-university/app/public/wp-content/themes/fictional-university-theme/functions.php on line 26
[04-Nov-2022 19:36:39 UTC] PHP Fatal error:  Uncaught Error: Call to undefined function get_title_title() in /Users/gracegamble/Local Sites/fictional-university/app/public/wp-content/themes/fictional-university-theme/single-event.php:28
Stack trace:
#0 /Users/gracegamble/Local Sites/fictional-university/app/public/wp-includes/template-loader.php(106): include()
#1 /Users/gracegamble/Local Sites/fictional-university/app/public/wp-blog-header.php(19): require_once('/Users/gracegam...')
#2 /Users/gracegamble/Local Sites/fictional-university/app/public/index.php(17): require('/Users/gracegam...')
#3 {main}
  thrown in /Users/gracegamble/Local Sites/fictional-university/app/public/wp-content/themes/fictional-university-theme/single-event.php on line 28
[04-Nov-2022 19:41:41 UTC] PHP Parse error:  syntax error, unexpected 'echo' (T_ECHO), expecting ',' or ';' in /Users/gracegamble/Local Sites/fictional-university/app/public/wp-content/themes/fictional-university-theme/single-event.php on line 29
[15-Nov-2022 17:43:03 UTC] PHP Fatal error:  Uncaught Error: Call to undefined function the_post_title() in /Users/gracegamble/Local Sites/fictional-university/app/public/wp-content/themes/fictional-university-theme/single-program.php:51
Stack trace:
#0 /Users/gracegamble/Local Sites/fictional-university/app/public/wp-includes/template-loader.php(106): include()
#1 /Users/gracegamble/Local Sites/fictional-university/app/public/wp-blog-header.php(19): require_once('/Users/gracegam...')
#2 /Users/gracegamble/Local Sites/fictional-university/app/public/index.php(17): require('/Users/gracegam...')
#3 {main}
  thrown in /Users/gracegamble/Local Sites/fictional-university/app/public/wp-content/themes/fictional-university-theme/single-program.php on line 51
[15-Nov-2022 19:02:58 UTC] PHP Parse error:  syntax error, unexpected '=>' (T_DOUBLE_ARROW) in /Users/gracegamble/Local Sites/fictional-university/app/public/wp-content/themes/fictional-university-theme/functions.php on line 13
[15-Nov-2022 19:03:50 UTC] PHP Parse error:  syntax error, unexpected '=>' (T_DOUBLE_ARROW) in /Users/gracegamble/Local Sites/fictional-university/app/public/wp-content/themes/fictional-university-theme/functions.php on line 13
[15-Nov-2022 19:04:10 UTC] PHP Parse error:  syntax error, unexpected '=>' (T_DOUBLE_ARROW) in /Users/gracegamble/Local Sites/fictional-university/app/public/wp-content/themes/fictional-university-theme/functions.php on line 13
[15-Nov-2022 19:04:38 UTC] PHP Parse error:  syntax error, unexpected '=>' (T_DOUBLE_ARROW) in /Users/gracegamble/Local Sites/fictional-university/app/public/wp-content/themes/fictional-university-theme/functions.php on line 13
[15-Nov-2022 19:04:40 UTC] PHP Parse error:  syntax error, unexpected '=>' (T_DOUBLE_ARROW) in /Users/gracegamble/Local Sites/fictional-university/app/public/wp-content/themes/fictional-university-theme/functions.php on line 13
[15-Nov-2022 19:04:40 UTC] PHP Parse error:  syntax error, unexpected '=>' (T_DOUBLE_ARROW) in /Users/gracegamble/Local Sites/fictional-university/app/public/wp-content/themes/fictional-university-theme/functions.php on line 13
[15-Nov-2022 19:04:59 UTC] PHP Parse error:  syntax error, unexpected '=>' (T_DOUBLE_ARROW) in /Users/gracegamble/Local Sites/fictional-university/app/public/wp-content/themes/fictional-university-theme/functions.php on line 13
[15-Nov-2022 19:06:33 UTC] PHP Fatal error:  Uncaught ArgumentCountError: Too few arguments to function pageBanner(), 0 passed in /Users/gracegamble/Local Sites/fictional-university/app/public/wp-content/themes/fictional-university-theme/page.php on line 7 and exactly 1 expected in /Users/gracegamble/Local Sites/fictional-university/app/public/wp-content/themes/fictional-university-theme/functions.php:3
Stack trace:
#0 /Users/gracegamble/Local Sites/fictional-university/app/public/wp-content/themes/fictional-university-theme/page.php(7): pageBanner()
#1 /Users/gracegamble/Local Sites/fictional-university/app/public/wp-includes/template-loader.php(106): include('/Users/gracegam...')
#2 /Users/gracegamble/Local Sites/fictional-university/app/public/wp-blog-header.php(19): require_once('/Users/gracegam...')
#3 /Users/gracegamble/Local Sites/fictional-university/app/public/index.php(17): require('/Users/gracegam...')
#4 {main}
  thrown in /Users/gracegamble/Local Sites/fictional-university/app/public/wp-content/themes/fictional-university-theme/functions.php on line 3
[16-Nov-2022 06:35:34 UTC] Cron reschedule event error for hook: wp_https_detection, Error code: could_not_set, Error message: The cron event list could not be saved., Data: {"schedule":"twicedaily","args":[],"interval":43200}
[16-Nov-2022 17:01:53 UTC] Cron reschedule event error for hook: wp_privacy_delete_old_export_files, Error code: could_not_set, Error message: The cron event list could not be saved., Data: {"schedule":"hourly","args":[],"interval":3600}
[16-Nov-2022 17:16:22 UTC] PHP Fatal error:  Uncaught Error: Call to undefined function get_single_post_title() in /Users/gracegamble/Local Sites/fictional-university/app/public/wp-content/themes/fictional-university-theme/index.php:4
Stack trace:
#0 /Users/gracegamble/Local Sites/fictional-university/app/public/wp-includes/template-loader.php(106): include()
#1 /Users/gracegamble/Local Sites/fictional-university/app/public/wp-blog-header.php(19): require_once('/Users/gracegam...')
#2 /Users/gracegamble/Local Sites/fictional-university/app/public/index.php(17): require('/Users/gracegam...')
#3 {main}
  thrown in /Users/gracegamble/Local Sites/fictional-university/app/public/wp-content/themes/fictional-university-theme/index.php on line 4
[16-Nov-2022 17:19:57 UTC] PHP Parse error:  syntax error, unexpected ''subtitle'' (T_CONSTANT_ENCAPSED_STRING), expecting ')' in /Users/gracegamble/Local Sites/fictional-university/app/public/wp-content/themes/fictional-university-theme/index.php on line 5
[23-Nov-2022 12:27:13 UTC] PHP Warning:  An unexpected error occurred. Something may be wrong with WordPress.org or this server&#8217;s configuration. If you continue to have problems, please try the <a href="https://wordpress.org/support/forums/">support forums</a>. (WordPress could not establish a secure connection to WordPress.org. Please contact your server administrator.) in /Users/gracegamble/Local Sites/fictional-university/app/public/wp-includes/update.php on line 209
[23-Nov-2022 12:27:13 UTC] PHP Stack trace:
[23-Nov-2022 12:27:13 UTC] PHP   1. {main}() /Users/gracegamble/Local Sites/fictional-university/app/public/wp-cron.php:0
[23-Nov-2022 12:27:13 UTC] PHP   2. do_action_ref_array() /Users/gracegamble/Local Sites/fictional-university/app/public/wp-cron.php:188
[23-Nov-2022 12:27:13 UTC] PHP   3. WP_Hook->do_action() /Users/gracegamble/Local Sites/fictional-university/app/public/wp-includes/plugin.php:565
[23-Nov-2022 12:27:13 UTC] PHP   4. WP_Hook->apply_filters() /Users/gracegamble/Local Sites/fictional-university/app/public/wp-includes/class-wp-hook.php:332
[23-Nov-2022 12:27:13 UTC] PHP   5. wp_version_check() /Users/gracegamble/Local Sites/fictional-university/app/public/wp-includes/class-wp-hook.php:308
[23-Nov-2022 12:27:13 UTC] PHP   6. trigger_error() /Users/gracegamble/Local Sites/fictional-university/app/public/wp-includes/update.php:209
[24-Nov-2022 00:04:02 UTC] Cron reschedule event error for hook: wp_privacy_delete_old_export_files, Error code: could_not_set, Error message: The cron event list could not be saved., Data: {"schedule":"hourly","args":[],"interval":3600}
[27-Nov-2022 18:07:22 UTC] Cron reschedule event error for hook: wp_privacy_delete_old_export_files, Error code: could_not_set, Error message: The cron event list could not be saved., Data: {"schedule":"hourly","args":[],"interval":3600}
[29-Nov-2022 20:37:37 UTC] PHP Parse error:  syntax error, unexpected '}', expecting ';' in /Users/gracegamble/Local Sites/fictional-university/app/public/wp-content/themes/fictional-university-theme/inc/search-route.php on line 12
[29-Nov-2022 21:16:02 UTC] PHP Warning:  Use of undefined constant get_post_type - assumed 'get_post_type' (this will throw an Error in a future version of PHP) in /Users/gracegamble/Local Sites/fictional-university/app/public/wp-content/themes/fictional-university-theme/inc/search-route.php on line 25
[29-Nov-2022 21:16:02 UTC] PHP Stack trace:
[29-Nov-2022 21:16:02 UTC] PHP   1. {main}() /Users/gracegamble/Local Sites/fictional-university/app/public/index.php:0
[29-Nov-2022 21:16:02 UTC] PHP   2. require() /Users/gracegamble/Local Sites/fictional-university/app/public/index.php:17
[29-Nov-2022 21:16:02 UTC] PHP   3. wp() /Users/gracegamble/Local Sites/fictional-university/app/public/wp-blog-header.php:16
[29-Nov-2022 21:16:02 UTC] PHP   4. WP->main() /Users/gracegamble/Local Sites/fictional-university/app/public/wp-includes/functions.php:1332
[29-Nov-2022 21:16:02 UTC] PHP   5. WP->parse_request() /Users/gracegamble/Local Sites/fictional-university/app/public/wp-includes/class-wp.php:780
[29-Nov-2022 21:16:02 UTC] PHP   6. do_action_ref_array() /Users/gracegamble/Local Sites/fictional-university/app/public/wp-includes/class-wp.php:399
[29-Nov-2022 21:16:02 UTC] PHP   7. WP_Hook->do_action() /Users/gracegamble/Local Sites/fictional-university/app/public/wp-includes/plugin.php:565
[29-Nov-2022 21:16:02 UTC] PHP   8. WP_Hook->apply_filters() /Users/gracegamble/Local Sites/fictional-university/app/public/wp-includes/class-wp-hook.php:332
[29-Nov-2022 21:16:02 UTC] PHP   9. rest_api_loaded() /Users/gracegamble/Local Sites/fictional-university/app/public/wp-includes/class-wp-hook.php:308
[29-Nov-2022 21:16:02 UTC] PHP  10. WP_REST_Server->serve_request() /Users/gracegamble/Local Sites/fictional-university/app/public/wp-includes/rest-api.php:410
[29-Nov-2022 21:16:02 UTC] PHP  11. WP_REST_Server->dispatch() /Users/gracegamble/Local Sites/fictional-university/app/public/wp-includes/rest-api/class-wp-rest-server.php:442
[29-Nov-2022 21:16:02 UTC] PHP  12. WP_REST_Server->respond_to_request() /Users/gracegamble/Local Sites/fictional-university/app/public/wp-includes/rest-api/class-wp-rest-server.php:1018
[29-Nov-2022 21:16:02 UTC] PHP  13. universitySearchResults() /Users/gracegamble/Local Sites/fictional-university/app/public/wp-includes/rest-api/class-wp-rest-server.php:1171
[29-Nov-2022 21:16:02 UTC] PHP Warning:  Cannot modify header information - headers already sent by (output started at /Users/gracegamble/Local Sites/fictional-university/app/public/wp-content/themes/fictional-university-theme/inc/search-route.php:25) in /Users/gracegamble/Local Sites/fictional-university/app/public/wp-includes/rest-api/class-wp-rest-server.php on line 1752
[29-Nov-2022 21:16:02 UTC] PHP Stack trace:
[29-Nov-2022 21:16:02 UTC] PHP   1. {main}() /Users/gracegamble/Local Sites/fictional-university/app/public/index.php:0
[29-Nov-2022 21:16:02 UTC] PHP   2. require() /Users/gracegamble/Local Sites/fictional-university/app/public/index.php:17
[29-Nov-2022 21:16:02 UTC] PHP   3. wp() /Users/gracegamble/Local Sites/fictional-university/app/public/wp-blog-header.php:16
[29-Nov-2022 21:16:02 UTC] PHP   4. WP->main() /Users/gracegamble/Local Sites/fictional-university/app/public/wp-includes/functions.php:1332
[29-Nov-2022 21:16:02 UTC] PHP   5. WP->parse_request() /Users/gracegamble/Local Sites/fictional-university/app/public/wp-includes/class-wp.php:780
[29-Nov-2022 21:16:02 UTC] PHP   6. do_action_ref_array() /Users/gracegamble/Local Sites/fictional-university/app/public/wp-includes/class-wp.php:399
[29-Nov-2022 21:16:02 UTC] PHP   7. WP_Hook->do_action() /Users/gracegamble/Local Sites/fictional-university/app/public/wp-includes/plugin.php:565
[29-Nov-2022 21:16:02 UTC] PHP   8. WP_Hook->apply_filters() /Users/gracegamble/Local Sites/fictional-university/app/public/wp-includes/class-wp-hook.php:332
[29-Nov-2022 21:16:02 UTC] PHP   9. rest_api_loaded() /Users/gracegamble/Local Sites/fictional-university/app/public/wp-includes/class-wp-hook.php:308
[29-Nov-2022 21:16:02 UTC] PHP  10. WP_REST_Server->serve_request() /Users/gracegamble/Local Sites/fictional-university/app/public/wp-includes/rest-api.php:410
[29-Nov-2022 21:16:02 UTC] PHP  11. WP_REST_Server->send_headers() /Users/gracegamble/Local Sites/fictional-university/app/public/wp-includes/rest-api/class-wp-rest-server.php:475
[29-Nov-2022 21:16:02 UTC] PHP  12. WP_REST_Server->send_header() /Users/gracegamble/Local Sites/fictional-university/app/public/wp-includes/rest-api/class-wp-rest-server.php:1764
[29-Nov-2022 21:16:02 UTC] PHP  13. header() /Users/gracegamble/Local Sites/fictional-university/app/public/wp-includes/rest-api/class-wp-rest-server.php:1752
[30-Nov-2022 17:04:34 UTC] PHP Fatal error:  Uncaught Error: Call to undefined function get_the_post_thubmbnail_url() in /Users/gracegamble/Local Sites/fictional-university/app/public/wp-content/themes/fictional-university-theme/inc/search-route.php:37
Stack trace:
#0 /Users/gracegamble/Local Sites/fictional-university/app/public/wp-includes/rest-api/class-wp-rest-server.php(1171): universitySearchResults(Object(WP_REST_Request))
#1 /Users/gracegamble/Local Sites/fictional-university/app/public/wp-includes/rest-api/class-wp-rest-server.php(1018): WP_REST_Server->respond_to_request(Object(WP_REST_Request), '/university/v1/...', Array, NULL)
#2 /Users/gracegamble/Local Sites/fictional-university/app/public/wp-includes/rest-api/class-wp-rest-server.php(442): WP_REST_Server->dispatch(Object(WP_REST_Request))
#3 /Users/gracegamble/Local Sites/fictional-university/app/public/wp-includes/rest-api.php(410): WP_REST_Server->serve_request('/university/v1/...')
#4 /Users/gracegamble/Local Sites/fictional-university/app/public/wp-includes/class-wp-hook.php(308): re in /Users/gracegamble/Local Sites/fictional-university/app/public/wp-content/themes/fictional-university-theme/inc/search-route.php on line 37
